SF:lib/screens/view_sheet_screen.dart
DA:17,2
DA:23,2
DA:25,2
DA:26,2
DA:36,2
DA:38,2
DA:39,12
DA:40,2
DA:43,2
DA:44,4
DA:45,2
DA:46,2
DA:47,2
DA:48,0
DA:51,2
DA:54,2
DA:55,4
DA:56,2
DA:59,2
DA:60,2
DA:62,6
DA:65,0
DA:66,0
DA:70,0
DA:71,0
DA:74,0
DA:75,0
DA:76,0
DA:77,0
DA:81,1
DA:82,2
DA:84,1
DA:85,1
DA:86,2
DA:87,1
DA:88,1
DA:90,1
DA:92,1
DA:93,1
DA:94,0
DA:95,1
DA:97,1
DA:98,0
DA:99,0
DA:100,0
DA:102,0
DA:103,0
DA:105,0
DA:109,0
DA:111,0
DA:113,0
DA:114,0
DA:117,0
DA:118,0
DA:122,0
DA:123,0
DA:124,0
DA:126,0
DA:129,1
DA:136,0
DA:137,0
DA:138,0
DA:139,0
DA:140,0
DA:142,0
DA:144,0
DA:146,0
DA:147,0
DA:149,0
DA:150,0
DA:151,0
DA:153,0
DA:154,0
DA:155,0
DA:165,0
DA:166,0
DA:169,0
DA:170,0
DA:171,0
DA:172,0
DA:173,0
DA:174,0
DA:175,0
DA:180,2
DA:182,2
DA:184,2
DA:185,4
DA:189,2
DA:190,4
DA:191,4
DA:192,2
DA:193,1
DA:194,1
DA:195,1
DA:196,0
DA:197,0
DA:198,0
DA:199,0
DA:202,2
DA:203,2
DA:204,2
DA:205,2
DA:210,2
DA:211,2
DA:212,4
DA:217,0
DA:218,0
DA:219,0
DA:220,0
DA:227,0
DA:228,0
LF:111
LH:51
end_of_record
SF:lib/screens/detect_key_screen.dart
DA:9,1
DA:12,1
DA:14,1
DA:15,1
DA:19,1
DA:21,1
DA:22,1
DA:25,1
DA:26,2
DA:28,3
DA:30,1
DA:31,1
DA:32,1
DA:33,2
DA:35,2
DA:41,1
DA:43,1
DA:44,2
DA:46,3
DA:47,3
DA:49,1
DA:55,1
DA:70,1
DA:71,1
DA:72,0
DA:73,2
DA:75,0
DA:76,0
DA:77,0
DA:78,0
DA:82,1
DA:84,1
DA:86,1
DA:87,1
DA:89,1
DA:90,1
DA:92,1
DA:94,1
DA:95,1
DA:97,1
DA:99,1
DA:100,2
DA:103,1
DA:104,1
DA:105,0
DA:106,1
DA:107,1
DA:109,1
LF:48
LH:42
end_of_record
SF:lib/screens/about_us_screen.dart
DA:4,1
DA:6,1
DA:8,1
DA:9,1
DA:10,1
DA:15,1
DA:17,1
DA:18,1
LF:8
LH:8
end_of_record
SF:lib/screens/age_screen.dart
DA:5,1
DA:6,1
DA:12,1
DA:14,1
DA:15,1
DA:18,1
DA:19,1
DA:20,2
DA:21,2
DA:25,0
DA:26,0
DA:27,0
DA:28,0
DA:32,1
DA:34,1
DA:36,1
DA:40,1
DA:41,1
DA:42,0
DA:43,0
DA:44,0
DA:47,1
DA:49,1
DA:53,1
DA:54,1
DA:55,1
DA:57,1
DA:58,1
DA:60,1
DA:61,1
DA:62,1
DA:63,1
DA:65,1
DA:69,1
DA:70,1
DA:72,1
DA:73,1
DA:74,1
DA:75,2
DA:77,1
DA:78,1
DA:79,1
DA:81,1
DA:83,1
DA:84,1
DA:85,0
DA:86,0
DA:87,0
DA:90,2
DA:91,2
DA:92,1
DA:94,1
DA:95,1
DA:96,1
DA:97,1
DA:101,1
DA:107,1
DA:109,1
DA:110,2
DA:111,2
DA:112,2
LF:61
LH:51
end_of_record
SF:lib/screens/camera_screen.dart
DA:15,1
DA:16,1
DA:25,1
DA:27,1
DA:28,1
DA:31,1
DA:33,1
DA:34,0
DA:35,0
DA:38,0
DA:39,0
DA:40,0
DA:42,0
DA:46,0
DA:47,0
DA:49,0
DA:50,0
DA:52,0
DA:56,0
DA:57,0
DA:58,0
DA:59,0
DA:60,0
DA:64,0
DA:65,0
DA:67,0
DA:68,0
DA:70,0
DA:74,0
DA:76,0
DA:77,0
DA:80,0
DA:82,0
DA:83,0
DA:84,0
DA:85,0
DA:86,0
DA:91,0
DA:94,0
DA:95,0
DA:99,0
DA:101,0
DA:102,0
DA:106,0
DA:108,0
DA:109,0
DA:110,0
DA:111,0
DA:115,0
DA:116,0
DA:120,0
DA:121,0
DA:122,0
DA:123,0
DA:124,0
DA:125,0
DA:128,0
DA:129,0
DA:130,0
DA:131,0
DA:132,0
DA:133,0
DA:134,0
DA:137,0
DA:138,0
DA:139,0
DA:140,0
DA:142,0
DA:143,0
DA:144,0
DA:145,0
DA:147,0
DA:154,1
DA:156,1
DA:157,1
DA:160,1
DA:162,1
DA:164,1
DA:167,1
DA:168,1
DA:169,0
DA:171,2
DA:173,1
DA:174,1
DA:175,1
DA:176,1
DA:177,0
DA:178,2
DA:180,2
DA:181,0
DA:184,0
DA:188,1
DA:192,0
DA:193,0
DA:196,0
DA:198,0
DA:199,0
DA:200,0
DA:201,0
DA:202,0
DA:203,0
DA:204,0
DA:205,0
DA:206,0
DA:213,0
DA:216,0
DA:217,0
DA:218,0
DA:222,0
DA:223,0
DA:224,0
DA:233,1
DA:234,1
DA:236,1
DA:237,1
DA:238,1
DA:239,1
DA:241,1
DA:242,1
DA:243,2
DA:244,1
DA:246,1
DA:247,1
DA:248,1
DA:251,1
DA:253,2
DA:257,1
DA:258,1
DA:259,1
DA:262,1
DA:263,2
LF:131
LH:43
end_of_record
SF:lib/services/api_service.dart
DA:15,0
DA:17,0
DA:18,0
DA:19,0
DA:21,0
DA:23,0
DA:25,0
DA:26,0
DA:30,0
DA:31,0
DA:32,0
DA:34,0
DA:36,0
DA:37,0
DA:39,0
DA:43,0
DA:49,0
DA:54,0
DA:55,0
DA:56,0
DA:58,0
DA:60,0
DA:62,0
DA:63,0
DA:67,0
DA:68,0
DA:69,0
DA:71,0
DA:73,0
DA:74,0
DA:76,0
DA:80,0
DA:86,0
DA:87,0
DA:88,0
DA:95,0
DA:100,0
DA:101,0
DA:102,0
DA:103,0
DA:106,0
DA:107,0
DA:108,0
DA:110,0
DA:113,0
DA:119,0
DA:126,0
DA:127,0
DA:128,0
DA:129,0
DA:137,0
DA:138,0
DA:141,0
DA:145,0
DA:151,2
DA:153,4
DA:155,4
DA:156,0
DA:157,0
DA:159,2
DA:162,4
DA:163,2
DA:168,0
DA:170,0
DA:172,0
DA:173,0
DA:176,0
DA:180,0
DA:185,0
DA:187,0
DA:188,0
DA:189,0
DA:190,0
DA:193,0
DA:195,0
LF:75
LH:6
end_of_record
SF:lib/screens/view_uploaded_sheet_screen.dart
DA:9,0
DA:11,0
DA:12,0
DA:18,0
DA:20,0
DA:22,0
DA:23,0
DA:24,0
DA:25,0
DA:26,0
DA:27,0
DA:28,0
DA:29,0
DA:30,0
DA:31,0
DA:33,0
DA:34,0
DA:36,0
DA:43,0
DA:46,0
DA:47,0
DA:57,0
DA:60,0
DA:61,0
DA:62,0
DA:63,0
DA:66,0
DA:69,0
DA:70,0
DA:72,0
DA:75,0
DA:77,0
DA:79,0
DA:84,0
DA:85,0
DA:86,0
DA:88,0
DA:89,0
DA:91,0
DA:97,0
DA:99,0
DA:100,0
DA:101,0
DA:103,0
DA:104,0
DA:105,0
DA:107,0
DA:109,0
DA:110,0
DA:115,0
DA:116,0
DA:117,0
DA:118,0
DA:119,0
DA:122,0
DA:124,0
DA:129,0
DA:131,0
DA:132,0
DA:133,0
DA:135,0
DA:136,0
DA:137,0
DA:138,0
DA:140,0
DA:141,0
DA:144,0
DA:146,0
DA:147,0
DA:156,0
LF:70
LH:0
end_of_record
SF:lib/utils/xml_merge_helper.dart
DA:9,0
DA:10,0
DA:11,0
DA:12,0
DA:13,0
DA:14,0
DA:17,0
DA:18,0
DA:20,0
DA:21,0
DA:22,0
DA:23,0
DA:27,0
DA:29,0
DA:30,0
DA:31,0
DA:32,0
DA:33,0
DA:38,0
DA:41,0
DA:42,0
DA:46,0
DA:48,0
DA:49,0
DA:50,0
DA:53,0
DA:54,0
DA:55,0
DA:57,0
DA:59,0
DA:60,0
DA:61,0
DA:62,0
DA:63,0
DA:67,0
DA:68,0
DA:69,0
DA:70,0
DA:73,0
DA:74,0
DA:76,0
DA:78,0
DA:81,0
DA:82,0
DA:86,0
DA:89,0
DA:90,0
DA:92,0
DA:93,0
DA:94,0
DA:96,0
DA:100,0
DA:101,0
DA:102,0
DA:105,0
DA:107,0
DA:108,0
DA:109,0
DA:110,0
DA:111,0
DA:116,0
DA:117,0
DA:118,0
DA:119,0
DA:123,0
DA:124,0
DA:126,0
DA:128,0
DA:131,0
DA:132,0
DA:136,0
LF:71
LH:0
end_of_record
SF:lib/screens/transpose_options_screen.dart
DA:9,2
DA:13,2
DA:15,2
DA:16,2
DA:55,2
DA:57,2
DA:58,6
DA:61,2
DA:62,2
DA:63,2
DA:64,12
DA:66,4
DA:67,2
DA:68,6
DA:69,0
DA:70,0
DA:71,0
DA:73,0
DA:74,0
DA:77,2
DA:80,2
DA:81,4
DA:82,10
DA:85,0
DA:86,0
DA:87,0
DA:88,0
DA:92,0
DA:93,0
DA:94,0
DA:95,0
DA:99,1
DA:100,4
DA:101,3
DA:103,1
DA:104,3
DA:105,1
DA:106,1
DA:107,1
DA:109,2
DA:110,1
DA:114,0
DA:115,0
DA:116,0
DA:117,0
DA:118,0
DA:119,0
DA:120,0
DA:128,2
DA:130,2
DA:132,2
DA:133,2
DA:138,2
DA:140,2
DA:142,2
DA:144,2
DA:145,2
DA:147,2
DA:148,2
DA:150,2
DA:153,2
DA:154,2
DA:155,6
DA:156,2
DA:159,2
DA:160,2
DA:162,2
DA:164,2
DA:165,2
DA:167,2
DA:169,2
DA:170,0
DA:171,0
DA:173,0
DA:176,2
DA:178,2
DA:180,2
DA:192,2
DA:193,2
DA:195,2
DA:197,2
DA:199,2
DA:201,2
DA:202,2
DA:203,2
DA:204,2
DA:205,2
DA:206,2
DA:207,0
DA:208,0
DA:209,0
DA:210,0
DA:214,2
DA:215,2
DA:216,2
DA:217,2
DA:218,0
DA:219,0
DA:220,0
DA:221,0
DA:227,2
DA:230,2
DA:232,2
DA:237,2
DA:238,2
DA:240,2
DA:241,2
DA:242,2
DA:243,2
DA:248,2
DA:249,2
DA:250,2
DA:251,2
DA:252,2
DA:254,2
DA:255,2
DA:256,2
DA:257,2
DA:261,2
DA:262,2
DA:263,2
DA:264,2
DA:265,2
DA:266,2
DA:270,2
DA:271,2
DA:274,2
DA:276,2
LF:128
LH:97
end_of_record
SF:lib/screens/home_screen.dart
DA:10,1
DA:11,1
DA:23,1
DA:24,2
DA:25,1
DA:29,1
DA:31,1
DA:32,4
DA:33,1
DA:34,1
DA:35,1
DA:36,1
DA:37,1
DA:39,1
DA:40,1
DA:53,0
DA:54,0
DA:55,0
DA:57,0
DA:59,0
DA:62,0
DA:66,0
DA:70,0
DA:73,0
DA:77,0
DA:79,0
DA:80,0
DA:84,0
DA:85,0
DA:89,0
DA:91,0
DA:99,0
DA:102,0
DA:103,0
DA:104,0
DA:106,0
DA:108,0
DA:110,0
DA:111,0
DA:112,0
DA:113,0
DA:114,0
DA:116,0
DA:119,0
DA:120,0
DA:121,0
DA:122,0
DA:124,0
DA:126,0
DA:134,1
DA:136,1
DA:137,1
DA:138,1
DA:139,1
DA:141,1
DA:142,1
DA:144,1
DA:146,1
DA:147,1
DA:149,1
DA:151,1
DA:152,1
DA:160,1
DA:162,1
DA:163,1
DA:165,0
DA:167,0
DA:169,1
DA:170,1
DA:171,1
DA:172,1
DA:173,1
DA:176,1
DA:178,1
DA:181,1
DA:182,1
DA:183,0
DA:184,1
DA:185,1
DA:186,1
DA:187,1
DA:188,1
DA:191,2
LF:83
LH:46
end_of_record
SF:lib/screens/profile_screen.dart
DA:9,2
DA:11,2
DA:13,2
DA:14,2
DA:16,2
DA:23,2
DA:24,2
DA:25,2
DA:26,2
DA:27,2
DA:28,2
DA:29,4
DA:30,4
DA:31,4
DA:32,4
DA:33,4
DA:34,4
DA:38,2
DA:40,2
DA:47,2
DA:52,2
DA:53,2
DA:55,2
DA:57,2
DA:58,0
DA:59,0
DA:60,0
DA:61,0
DA:62,0
DA:71,0
DA:74,0
DA:75,0
DA:76,0
DA:84,2
DA:85,2
DA:86,2
DA:87,2
DA:88,0
DA:89,0
DA:91,0
DA:94,2
DA:96,2
DA:103,2
DA:104,2
DA:105,0
DA:106,0
DA:108,0
DA:111,2
DA:113,2
LF:49
LH:34
end_of_record
SF:lib/screens/saved_screen.dart
DA:8,2
DA:9,2
DA:16,2
DA:18,2
DA:19,2
DA:22,2
DA:24,2
DA:27,2
DA:28,0
DA:29,0
DA:30,0
DA:31,0
DA:32,0
DA:34,2
DA:35,0
DA:36,0
DA:37,0
DA:38,0
DA:39,0
DA:40,0
DA:41,0
DA:44,2
DA:45,2
DA:46,4
DA:47,2
DA:48,2
DA:52,0
DA:53,0
DA:57,0
DA:58,0
DA:59,0
DA:62,0
DA:65,0
DA:66,0
DA:67,0
DA:69,0
DA:70,0
DA:72,0
DA:74,0
DA:75,0
DA:76,0
DA:81,0
DA:82,0
DA:83,0
DA:84,0
DA:86,0
DA:89,0
DA:90,0
DA:91,0
DA:92,0
DA:95,0
DA:97,0
DA:98,0
DA:103,0
DA:106,0
DA:107,0
DA:109,0
DA:114,0
DA:121,0
DA:123,0
DA:131,0
DA:132,0
DA:134,0
DA:136,0
DA:137,0
DA:140,0
DA:142,0
DA:144,0
DA:145,0
DA:146,0
DA:147,0
DA:148,0
DA:149,0
DA:150,0
DA:153,0
DA:154,0
DA:155,0
DA:156,0
DA:158,0
DA:159,0
DA:160,0
DA:161,0
DA:162,0
DA:168,0
DA:169,0
DA:170,0
DA:171,0
DA:172,0
DA:173,0
DA:182,0
DA:183,0
DA:184,0
DA:185,0
DA:186,0
DA:187,0
DA:188,0
DA:189,0
DA:192,0
DA:193,0
DA:198,0
DA:199,0
DA:200,0
DA:201,0
DA:202,0
DA:203,0
DA:204,0
DA:205,0
DA:208,0
DA:209,0
DA:214,2
DA:216,2
DA:218,2
DA:221,2
DA:223,2
DA:232,2
DA:233,4
DA:234,4
DA:235,4
DA:236,0
DA:239,0
DA:240,0
DA:241,0
DA:242,0
DA:244,0
DA:245,0
DA:246,0
DA:247,0
DA:248,0
DA:249,0
DA:250,0
DA:252,0
DA:254,0
DA:255,0
DA:257,0
DA:258,0
DA:262,0
DA:264,0
DA:269,0
DA:270,0
DA:271,0
DA:276,0
DA:277,0
DA:278,0
DA:280,0
DA:281,0
DA:282,0
LF:146
LH:23
end_of_record
SF:lib/screens/instrument_screen.dart
DA:5,1
DA:6,1
DA:13,1
DA:15,1
DA:16,1
DA:19,1
DA:20,1
DA:21,2
DA:22,3
DA:26,1
DA:27,1
DA:28,2
DA:31,1
DA:32,3
DA:33,1
DA:34,2
DA:35,2
DA:36,2
DA:38,1
DA:42,1
DA:43,2
DA:44,2
DA:46,1
DA:49,1
DA:51,1
DA:53,1
DA:57,1
DA:58,1
DA:59,0
DA:60,0
DA:63,1
DA:65,1
DA:69,1
DA:70,1
DA:71,1
DA:73,1
DA:74,1
DA:76,1
DA:78,1
DA:79,1
DA:80,1
DA:81,1
DA:82,1
DA:83,1
DA:84,2
DA:89,1
DA:92,1
DA:93,1
DA:94,1
DA:95,1
DA:96,1
DA:98,1
DA:99,2
DA:100,1
DA:101,1
DA:104,1
DA:107,1
DA:108,1
DA:109,1
DA:110,2
DA:111,1
DA:112,1
DA:113,1
DA:114,1
DA:115,1
DA:117,1
DA:118,3
DA:119,1
DA:120,1
DA:121,2
DA:131,1
DA:133,1
DA:134,2
DA:135,2
DA:136,2
DA:138,1
LF:76
LH:74
end_of_record
SF:lib/screens/key_info_screen.dart
DA:4,1
DA:6,1
DA:8,1
DA:10,1
DA:11,1
DA:15,1
DA:16,1
DA:18,1
DA:19,1
DA:21,1
DA:22,1
LF:11
LH:11
end_of_record
SF:lib/screens/name_screen.dart
DA:5,1
DA:6,1
DA:14,1
DA:16,1
DA:17,1
DA:20,1
DA:21,1
DA:22,2
DA:23,3
DA:24,3
DA:25,3
DA:29,0
DA:30,0
DA:31,0
DA:32,0
DA:33,0
DA:36,1
DA:38,2
DA:39,2
DA:40,2
DA:41,1
DA:44,1
DA:46,1
DA:48,1
DA:52,1
DA:53,1
DA:54,0
DA:55,0
DA:56,0
DA:59,1
DA:61,1
DA:65,1
DA:66,1
DA:67,1
DA:69,1
DA:70,2
DA:71,2
DA:72,2
DA:76,1
DA:78,1
DA:79,2
DA:80,2
DA:81,2
DA:83,1
DA:89,1
DA:90,1
DA:91,1
DA:92,1
DA:94,1
DA:95,1
DA:97,1
DA:99,1
DA:100,1
DA:102,1
DA:103,1
DA:104,1
DA:105,2
DA:110,1
LF:58
LH:50
end_of_record
SF:lib/screens/privacy_policies_screen.dart
DA:4,1
DA:6,1
DA:8,1
DA:9,1
DA:10,1
DA:15,1
DA:17,1
DA:18,1
LF:8
LH:8
end_of_record
SF:lib/utils/file_export.dart
DA:10,0
DA:11,0
DA:12,0
DA:13,0
DA:18,0
DA:19,0
DA:20,0
DA:21,0
DA:25,0
DA:26,0
DA:27,0
DA:28,0
DA:35,0
DA:36,0
DA:43,0
DA:44,0
DA:45,0
DA:46,0
DA:47,0
DA:48,0
DA:49,0
DA:50,0
DA:52,0
DA:54,0
DA:55,0
DA:56,0
LF:26
LH:0
end_of_record
SF:lib/screens/transposing_screen.dart
DA:16,1
DA:22,1
DA:24,1
DA:25,1
DA:31,1
DA:33,1
DA:34,1
DA:37,1
DA:38,1
DA:40,3
DA:43,1
DA:44,0
DA:46,0
DA:47,0
DA:48,0
DA:51,0
DA:52,0
DA:56,0
DA:58,0
DA:59,0
DA:60,0
DA:61,0
DA:63,0
DA:64,0
DA:65,0
DA:70,0
DA:71,0
DA:72,0
DA:74,0
DA:75,0
DA:80,0
DA:84,0
DA:87,0
DA:92,0
DA:93,0
DA:95,0
DA:96,0
DA:97,0
DA:98,0
DA:99,0
DA:100,0
DA:101,0
DA:102,0
DA:103,0
DA:107,0
DA:108,0
DA:109,0
DA:110,0
DA:119,0
DA:120,0
DA:135,0
DA:136,0
DA:137,0
DA:140,1
DA:142,1
DA:144,1
DA:145,1
DA:147,1
DA:161,1
DA:162,1
DA:163,1
LF:61
LH:19
end_of_record
SF:lib/screens/transpose_result_screen.dart
DA:19,1
DA:25,1
DA:27,1
DA:28,1
DA:38,1
DA:40,1
DA:41,1
DA:42,1
DA:45,1
DA:46,1
DA:47,1
DA:48,1
DA:49,1
DA:50,1
DA:52,1
DA:55,1
DA:56,2
DA:58,1
DA:61,1
DA:62,1
DA:63,3
DA:66,0
DA:67,0
DA:71,0
DA:72,0
DA:75,1
DA:76,1
DA:77,0
DA:78,0
DA:80,0
DA:81,0
DA:82,0
DA:86,1
DA:88,1
DA:90,1
DA:91,1
DA:92,1
DA:93,1
DA:94,1
DA:95,1
DA:96,2
DA:97,1
DA:100,1
DA:101,1
DA:102,1
DA:109,1
DA:110,1
DA:111,1
DA:112,0
DA:113,0
DA:114,0
DA:119,0
DA:121,0
DA:123,0
DA:124,0
DA:125,0
DA:126,0
DA:132,1
DA:135,1
DA:138,2
DA:140,1
DA:141,0
DA:144,1
DA:145,0
DA:147,0
DA:148,0
DA:160,1
DA:161,1
DA:164,1
DA:166,1
DA:167,1
DA:168,1
DA:171,1
DA:190,1
DA:191,1
DA:193,1
DA:195,1
DA:197,1
DA:200,1
DA:201,1
DA:204,1
DA:206,1
DA:207,1
DA:209,1
DA:224,1
DA:225,1
DA:226,1
DA:228,1
DA:231,2
DA:232,1
DA:233,1
DA:235,1
DA:237,1
DA:238,1
DA:239,0
DA:240,1
DA:242,1
DA:243,0
DA:244,0
DA:245,0
DA:247,0
DA:248,0
DA:249,0
DA:250,0
DA:256,0
DA:258,0
DA:259,0
DA:260,0
DA:263,0
DA:265,0
DA:266,0
DA:267,0
DA:270,0
DA:275,1
DA:282,0
DA:283,0
DA:284,0
DA:285,0
DA:288,0
DA:289,0
DA:290,0
DA:291,0
DA:298,0
DA:299,0
LF:124
LH:75
end_of_record
