SF:lib/screens/about_us_screen.dart
DA:10,17
DA:12,1
DA:14,1
DA:15,1
DA:33,1
DA:36,1
DA:38,1
DA:39,1
DA:41,1
DA:42,1
DA:45,1
DA:47,1
DA:52,1
DA:55,1
DA:62,1
DA:65,1
DA:70,1
DA:73,1
DA:78,1
DA:81,1
DA:85,1
LF:21
LH:21
end_of_record
SF:lib/screens/age_screen.dart
DA:13,17
DA:15,1
DA:16,1
DA:23,1
DA:25,1
DA:26,1
DA:30,1
DA:31,1
DA:32,2
DA:33,2
DA:38,1
DA:39,1
DA:40,1
DA:41,2
DA:45,1
DA:47,1
DA:48,1
DA:51,1
DA:53,1
DA:55,1
DA:59,1
DA:62,0
DA:63,0
DA:64,0
DA:70,1
DA:73,1
DA:75,1
DA:77,1
DA:78,1
DA:80,1
DA:81,1
DA:82,1
DA:83,1
DA:85,1
DA:90,1
DA:92,1
DA:94,1
DA:95,1
DA:101,1
DA:102,1
DA:108,0
DA:109,0
DA:110,0
DA:114,1
DA:116,1
DA:117,2
DA:118,1
DA:120,1
DA:121,1
DA:122,1
DA:123,1
DA:124,1
DA:130,1
DA:137,1
DA:158,0
DA:159,0
DA:160,0
DA:161,0
DA:163,0
DA:165,0
DA:166,0
DA:168,0
LF:62
LH:48
end_of_record
SF:lib/screens/home_screen.dart
DA:16,17
DA:18,1
DA:19,1
DA:34,1
DA:35,2
DA:36,1
DA:40,1
DA:42,1
DA:43,1
DA:45,3
DA:47,1
DA:49,1
DA:51,1
DA:52,1
DA:56,1
DA:83,0
DA:84,0
DA:85,0
DA:87,0
DA:89,0
DA:92,0
DA:96,0
DA:98,0
DA:101,0
DA:105,0
DA:107,0
DA:108,0
DA:112,0
DA:113,0
DA:118,0
DA:120,0
DA:128,0
DA:130,0
DA:131,0
DA:132,0
DA:136,0
DA:140,0
DA:141,0
DA:142,0
DA:143,0
DA:145,0
DA:146,0
DA:147,0
DA:148,0
DA:150,0
DA:157,1
DA:159,1
DA:160,1
DA:162,1
DA:164,1
DA:166,1
DA:167,1
DA:169,1
DA:172,1
DA:174,1
DA:177,1
DA:188,1
DA:191,1
DA:192,0
DA:194,0
DA:196,1
DA:199,1
DA:200,1
DA:210,1
DA:213,1
DA:214,0
DA:215,1
DA:218,1
DA:219,1
LF:69
LH:36
end_of_record
SF:lib/screens/detect_key_screen.dart
DA:17,2
DA:19,1
DA:20,1
DA:24,1
DA:26,1
DA:27,1
DA:31,1
DA:32,1
DA:34,3
DA:36,1
DA:38,1
DA:39,1
DA:40,1
DA:42,2
DA:44,2
DA:53,1
DA:55,1
DA:56,2
DA:59,3
DA:61,3
DA:63,1
DA:70,1
DA:77,1
DA:78,1
DA:79,0
DA:80,2
DA:82,0
DA:83,0
DA:84,0
DA:85,0
DA:89,1
DA:91,1
DA:93,1
DA:94,1
DA:97,1
DA:99,1
DA:105,1
DA:107,1
DA:109,1
DA:119,1
DA:122,1
DA:123,0
DA:124,1
LF:43
LH:37
end_of_record
SF:lib/screens/transpose_options_screen.dart
DA:20,2
DA:24,2
DA:26,2
DA:27,2
DA:75,2
DA:77,2
DA:78,6
DA:82,2
DA:83,2
DA:84,2
DA:85,12
DA:87,4
DA:88,2
DA:89,6
DA:90,0
DA:91,0
DA:92,0
DA:94,0
DA:95,0
DA:98,2
DA:102,2
DA:103,4
DA:104,10
DA:108,0
DA:109,0
DA:110,0
DA:111,0
DA:116,0
DA:117,0
DA:118,0
DA:119,0
DA:124,1
DA:125,4
DA:126,3
DA:128,1
DA:129,3
DA:130,1
DA:137,2
DA:142,0
DA:143,0
DA:144,0
DA:146,0
DA:147,0
DA:148,0
DA:149,0
DA:157,2
DA:159,2
DA:161,2
DA:165,2
DA:167,2
DA:170,2
DA:172,2
DA:174,2
DA:176,2
DA:178,2
DA:185,2
DA:186,6
DA:187,2
DA:193,2
DA:195,2
DA:197,2
DA:199,2
DA:203,2
DA:207,2
DA:208,2
DA:209,0
DA:211,0
DA:212,0
DA:223,2
DA:224,2
DA:226,2
DA:228,2
DA:230,2
DA:232,2
DA:235,2
DA:238,2
DA:240,2
DA:241,0
DA:242,0
DA:243,0
DA:244,0
DA:251,2
DA:254,2
DA:256,2
DA:257,0
DA:258,0
DA:259,0
DA:260,0
DA:274,2
DA:276,2
DA:277,2
DA:278,4
DA:279,2
DA:280,2
DA:285,2
DA:288,2
DA:289,2
DA:294,2
DA:297,2
DA:298,2
DA:306,2
DA:309,2
DA:310,2
DA:311,2
DA:317,2
DA:318,2
LF:106
LH:75
end_of_record
SF:lib/screens/profile_screen.dart
DA:15,2
DA:17,2
DA:19,2
DA:21,2
DA:37,2
DA:38,2
DA:42,2
DA:43,2
DA:44,2
DA:45,2
DA:46,2
DA:47,2
DA:48,2
DA:49,2
DA:54,2
DA:60,2
DA:62,2
DA:74,2
DA:79,2
DA:80,2
DA:82,2
DA:83,2
DA:85,0
DA:86,0
DA:87,0
DA:88,0
DA:89,0
DA:98,0
DA:101,0
DA:102,0
DA:104,0
DA:114,2
DA:123,2
DA:124,2
DA:125,2
DA:126,2
DA:129,2
DA:130,0
DA:131,0
DA:133,0
DA:140,2
DA:143,2
DA:144,0
DA:145,0
DA:147,0
LF:45
LH:30
end_of_record
SF:lib/screens/instrument_screen.dart
DA:13,17
DA:15,1
DA:16,1
DA:26,1
DA:28,1
DA:29,1
DA:33,1
DA:34,1
DA:35,2
DA:36,3
DA:41,1
DA:42,1
DA:43,2
DA:47,1
DA:48,3
DA:49,1
DA:50,2
DA:51,2
DA:52,2
DA:54,1
DA:59,1
DA:60,2
DA:61,2
DA:63,1
DA:66,1
DA:68,1
DA:69,2
DA:70,1
DA:73,1
DA:75,1
DA:77,1
DA:81,1
DA:84,1
DA:86,0
DA:87,0
DA:94,1
DA:96,1
DA:98,1
DA:101,1
DA:103,1
DA:104,1
DA:105,1
DA:106,1
DA:107,1
DA:119,1
DA:120,1
DA:123,1
DA:124,1
DA:125,1
DA:129,1
DA:130,1
DA:141,1
DA:142,1
DA:144,1
DA:145,2
DA:146,1
DA:147,1
DA:149,1
DA:150,1
DA:152,1
DA:153,1
DA:154,2
DA:157,1
DA:158,3
DA:160,1
DA:165,2
DA:177,1
DA:179,1
DA:188,0
DA:189,0
DA:190,0
DA:191,0
DA:193,0
DA:195,0
DA:196,0
DA:198,0
LF:76
LH:66
end_of_record
SF:lib/screens/key_info_screen.dart
DA:11,17
DA:13,1
DA:15,1
DA:17,1
DA:18,1
DA:26,1
DA:27,1
DA:29,1
DA:32,1
DA:33,1
DA:35,1
DA:37,1
DA:39,1
DA:44,1
DA:45,1
DA:51,1
DA:52,1
DA:54,1
DA:59,1
DA:60,1
DA:66,1
DA:67,1
DA:71,1
LF:23
LH:23
end_of_record
SF:lib/screens/name_screen.dart
DA:14,17
DA:16,1
DA:17,1
DA:30,1
DA:32,1
DA:33,1
DA:37,1
DA:38,1
DA:39,2
DA:40,3
DA:41,3
DA:42,3
DA:47,1
DA:48,1
DA:49,3
DA:50,3
DA:51,3
DA:54,1
DA:56,1
DA:57,2
DA:58,2
DA:59,2
DA:60,1
DA:63,1
DA:65,1
DA:67,1
DA:71,1
DA:74,1
DA:76,0
DA:77,0
DA:78,0
DA:85,1
DA:87,1
DA:89,1
DA:90,2
DA:91,2
DA:92,2
DA:96,1
DA:105,0
DA:106,0
DA:107,0
DA:108,0
DA:110,0
DA:112,0
DA:113,0
DA:115,0
DA:126,1
DA:127,1
DA:129,1
DA:131,1
DA:132,1
DA:133,1
DA:135,1
DA:138,1
DA:140,1
DA:141,1
DA:142,1
DA:143,1
LF:58
LH:47
end_of_record
SF:lib/screens/privacy_policies_screen.dart
DA:10,17
DA:12,1
DA:14,1
DA:15,1
DA:17,1
DA:30,1
DA:31,1
DA:33,1
DA:34,1
LF:9
LH:9
end_of_record
SF:lib/screens/transpose_result_screen.dart
DA:32,1
DA:38,1
DA:40,1
DA:41,1
DA:50,1
DA:52,1
DA:53,1
DA:54,1
DA:58,1
DA:59,1
DA:60,1
DA:61,1
DA:62,1
DA:63,1
DA:65,1
DA:69,1
DA:70,2
DA:72,1
DA:75,1
DA:76,1
DA:77,3
DA:81,0
DA:82,0
DA:86,0
DA:87,0
DA:91,1
DA:92,1
DA:93,0
DA:94,0
DA:96,0
DA:97,0
DA:98,0
DA:99,0
DA:104,1
DA:106,1
DA:108,1
DA:109,1
DA:110,1
DA:111,1
DA:112,1
DA:113,1
DA:114,2
DA:115,1
DA:117,1
DA:118,1
DA:119,1
DA:126,1
DA:134,1
DA:135,1
DA:138,1
DA:140,1
DA:145,1
DA:161,1
DA:162,1
DA:163,1
DA:164,2
DA:165,2
DA:166,2
DA:167,2
DA:168,1
DA:171,1
DA:179,1
DA:180,1
DA:183,1
DA:185,1
DA:187,1
DA:189,1
DA:192,1
DA:193,1
DA:196,1
DA:198,1
DA:199,1
DA:201,1
DA:211,0
DA:212,0
DA:213,0
DA:216,0
DA:217,0
DA:218,0
DA:220,0
DA:221,0
DA:222,0
DA:223,0
DA:230,1
DA:231,1
DA:232,1
DA:233,1
DA:235,2
DA:240,1
DA:246,1
DA:247,1
DA:248,0
DA:251,1
DA:252,0
DA:253,0
DA:254,0
DA:256,0
DA:257,0
DA:261,0
DA:263,0
DA:264,0
DA:265,0
DA:268,0
DA:269,0
DA:272,0
DA:284,0
DA:285,0
DA:289,0
DA:290,0
DA:291,0
DA:292,0
DA:293,0
DA:298,0
DA:299,0
DA:300,0
DA:301,0
DA:305,0
DA:306,0
DA:307,0
DA:308,0
DA:309,0
DA:310,0
DA:315,0
LF:123
LH:72
end_of_record
